<?xml version="1.0" encoding="UTF-8"?>
<testng-results skipped="0" failed="1" ignored="0" total="10" passed="9">
  <reporter-output>
  </reporter-output>
  <suite name="Suite" duration-ms="149862" started-at="2022-05-20T11:55:39 IST" finished-at="2022-05-20T11:58:09 IST">
    <groups>
    </groups>
    <test name="Test" duration-ms="149862" started-at="2022-05-20T11:55:39 IST" finished-at="2022-05-20T11:58:09 IST">
      <class name="runner.TestRunner">
        <test-method status="PASS" signature="beforeTest()[pri:0, instance:runner.TestRunner@2b552920]" name="beforeTest" is-config="true" duration-ms="818" started-at="2022-05-20T11:55:39 IST" finished-at="2022-05-20T11:55:40 IST">
          <reporter-output>
          </reporter-output>
        </test-method> <!-- beforeTest -->
        <test-method status="PASS" signature="Beforemethod()[pri:0, instance:runner.TestRunner@2b552920]" name="Beforemethod" is-config="true" duration-ms="5671" started-at="2022-05-20T11:55:40 IST" finished-at="2022-05-20T11:55:45 IST">
          <reporter-output>
          </reporter-output>
        </test-method> <!-- Beforemethod -->
        <test-method status="PASS" signature="test1_SignUp()[pri:0, instance:runner.TestRunner@2b552920]" name="test1_SignUp" duration-ms="6105" started-at="2022-05-20T11:55:45 IST" finished-at="2022-05-20T11:55:52 IST">
          <reporter-output>
          </reporter-output>
        </test-method> <!-- test1_SignUp -->
        <test-method status="PASS" signature="terminateDriver()[pri:0, instance:runner.TestRunner@2b552920]" name="terminateDriver" is-config="true" duration-ms="6002" started-at="2022-05-20T11:55:52 IST" finished-at="2022-05-20T11:55:58 IST">
          <reporter-output>
          </reporter-output>
        </test-method> <!-- terminateDriver -->
        <test-method status="PASS" signature="Beforemethod()[pri:0, instance:runner.TestRunner@2b552920]" name="Beforemethod" is-config="true" duration-ms="3559" started-at="2022-05-20T11:55:58 IST" finished-at="2022-05-20T11:56:01 IST">
          <reporter-output>
          </reporter-output>
        </test-method> <!-- Beforemethod -->
        <test-method status="PASS" signature="test2_LogIn()[pri:1, instance:runner.TestRunner@2b552920]" name="test2_LogIn" duration-ms="5180" started-at="2022-05-20T11:56:01 IST" finished-at="2022-05-20T11:56:06 IST">
          <reporter-output>
          </reporter-output>
        </test-method> <!-- test2_LogIn -->
        <test-method status="PASS" signature="terminateDriver()[pri:0, instance:runner.TestRunner@2b552920]" name="terminateDriver" is-config="true" duration-ms="4241" started-at="2022-05-20T11:56:06 IST" finished-at="2022-05-20T11:56:10 IST">
          <reporter-output>
          </reporter-output>
        </test-method> <!-- terminateDriver -->
        <test-method status="PASS" signature="Beforemethod()[pri:0, instance:runner.TestRunner@2b552920]" name="Beforemethod" is-config="true" duration-ms="3372" started-at="2022-05-20T11:56:10 IST" finished-at="2022-05-20T11:56:14 IST">
          <reporter-output>
          </reporter-output>
        </test-method> <!-- Beforemethod -->
        <test-method status="PASS" signature="test3_SofaBed()[pri:2, instance:runner.TestRunner@2b552920]" name="test3_SofaBed" duration-ms="7400" started-at="2022-05-20T11:56:14 IST" finished-at="2022-05-20T11:56:21 IST">
          <reporter-output>
          </reporter-output>
        </test-method> <!-- test3_SofaBed -->
        <test-method status="PASS" signature="terminateDriver()[pri:0, instance:runner.TestRunner@2b552920]" name="terminateDriver" is-config="true" duration-ms="4202" started-at="2022-05-20T11:56:21 IST" finished-at="2022-05-20T11:56:25 IST">
          <reporter-output>
          </reporter-output>
        </test-method> <!-- terminateDriver -->
        <test-method status="PASS" signature="Beforemethod()[pri:0, instance:runner.TestRunner@2b552920]" name="Beforemethod" is-config="true" duration-ms="3561" started-at="2022-05-20T11:56:25 IST" finished-at="2022-05-20T11:56:29 IST">
          <reporter-output>
          </reporter-output>
        </test-method> <!-- Beforemethod -->
        <test-method status="PASS" signature="test4_StoreName()[pri:3, instance:runner.TestRunner@2b552920]" name="test4_StoreName" duration-ms="2903" started-at="2022-05-20T11:56:29 IST" finished-at="2022-05-20T11:56:32 IST">
          <reporter-output>
          </reporter-output>
        </test-method> <!-- test4_StoreName -->
        <test-method status="PASS" signature="terminateDriver()[pri:0, instance:runner.TestRunner@2b552920]" name="terminateDriver" is-config="true" duration-ms="159" started-at="2022-05-20T11:56:32 IST" finished-at="2022-05-20T11:56:32 IST">
          <reporter-output>
          </reporter-output>
        </test-method> <!-- terminateDriver -->
        <test-method status="PASS" signature="Beforemethod()[pri:0, instance:runner.TestRunner@2b552920]" name="Beforemethod" is-config="true" duration-ms="3191" started-at="2022-05-20T11:56:32 IST" finished-at="2022-05-20T11:56:35 IST">
          <reporter-output>
          </reporter-output>
        </test-method> <!-- Beforemethod -->
        <test-method status="PASS" signature="test5_EmiOption()[pri:4, instance:runner.TestRunner@2b552920]" name="test5_EmiOption" duration-ms="3409" started-at="2022-05-20T11:56:35 IST" finished-at="2022-05-20T11:56:39 IST">
          <reporter-output>
          </reporter-output>
        </test-method> <!-- test5_EmiOption -->
        <test-method status="PASS" signature="terminateDriver()[pri:0, instance:runner.TestRunner@2b552920]" name="terminateDriver" is-config="true" duration-ms="4343" started-at="2022-05-20T11:56:39 IST" finished-at="2022-05-20T11:56:43 IST">
          <reporter-output>
          </reporter-output>
        </test-method> <!-- terminateDriver -->
        <test-method status="PASS" signature="Beforemethod()[pri:0, instance:runner.TestRunner@2b552920]" name="Beforemethod" is-config="true" duration-ms="2693" started-at="2022-05-20T11:56:43 IST" finished-at="2022-05-20T11:56:46 IST">
          <reporter-output>
          </reporter-output>
        </test-method> <!-- Beforemethod -->
        <test-method status="FAIL" signature="test6_AddToWishList()[pri:5, instance:runner.TestRunner@2b552920]" name="test6_AddToWishList" duration-ms="13710" started-at="2022-05-20T11:56:46 IST" finished-at="2022-05-20T11:56:59 IST">
          <exception class="org.openqa.selenium.ElementClickInterceptedException">
            <message>
              <![CDATA[element click intercepted: Element <div id="shortlist-badge">...</div> is not clickable at point (933, 13). Other element would receive the click: <div class="center" style="text-align: center; color: #000;">...</div>
  (Session info: chrome=101.0.4951.67)
Build info: version: '3.141.59', revision: 'e82be7d358', time: '2018-11-14T08:17:03'
System info: host: 'MINDC1D199', ip: '172.16.84.141', os.name: 'Windows 10', os.arch: 'amd64', os.version: '10.0', java.version: '1.8.0_311'
Driver info: org.openqa.selenium.chrome.ChromeDriver
Capabilities {acceptInsecureCerts: false, browserName: chrome, browserVersion: 101.0.4951.67, chrome: {chromedriverVersion: 101.0.4951.41 (93c720db8323..., userDataDir: C:\WINDOWS\TEMP\scoped_dir1...}, goog:chromeOptions: {debuggerAddress: localhost:52978}, javascriptEnabled: true, networkConnectionEnabled: false, pageLoadStrategy: normal, platform: WINDOWS, platformName: WINDOWS, proxy: Proxy(), setWindowRect: true, strictFileInteractability: false, timeouts: {implicit: 0, pageLoad: 300000, script: 30000}, unhandledPromptBehavior: dismiss and notify, webauthn:extension:credBlob: true, webauthn:extension:largeBlob: true, webauthn:virtualAuthenticators: true}
Session ID: e18ded75518e86d0df518f03a6b9f109]]>
            </message>
            <full-stacktrace>
              <![CDATA[org.openqa.selenium.ElementClickInterceptedException: element click intercepted: Element <div id="shortlist-badge">...</div> is not clickable at point (933, 13). Other element would receive the click: <div class="center" style="text-align: center; color: #000;">...</div>
  (Session info: chrome=101.0.4951.67)
Build info: version: '3.141.59', revision: 'e82be7d358', time: '2018-11-14T08:17:03'
System info: host: 'MINDC1D199', ip: '172.16.84.141', os.name: 'Windows 10', os.arch: 'amd64', os.version: '10.0', java.version: '1.8.0_311'
Driver info: org.openqa.selenium.chrome.ChromeDriver
Capabilities {acceptInsecureCerts: false, browserName: chrome, browserVersion: 101.0.4951.67, chrome: {chromedriverVersion: 101.0.4951.41 (93c720db8323..., userDataDir: C:\WINDOWS\TEMP\scoped_dir1...}, goog:chromeOptions: {debuggerAddress: localhost:52978}, javascriptEnabled: true, networkConnectionEnabled: false, pageLoadStrategy: normal, platform: WINDOWS, platformName: WINDOWS, proxy: Proxy(), setWindowRect: true, strictFileInteractability: false, timeouts: {implicit: 0, pageLoad: 300000, script: 30000}, unhandledPromptBehavior: dismiss and notify, webauthn:extension:credBlob: true, webauthn:extension:largeBlob: true, webauthn:virtualAuthenticators: true}
Session ID: e18ded75518e86d0df518f03a6b9f109
at sun.reflect.NativeConstructorAccessorImpl.newInstance0(Native Method)
at sun.reflect.NativeConstructorAccessorImpl.newInstance(NativeConstructorAccessorImpl.java:62)
at sun.reflect.DelegatingConstructorAccessorImpl.newInstance(DelegatingConstructorAccessorImpl.java:45)
at java.lang.reflect.Constructor.newInstance(Constructor.java:423)
at org.openqa.selenium.remote.http.W3CHttpResponseCodec.createException(W3CHttpResponseCodec.java:187)
at org.openqa.selenium.remote.http.W3CHttpResponseCodec.decode(W3CHttpResponseCodec.java:122)
at org.openqa.selenium.remote.http.W3CHttpResponseCodec.decode(W3CHttpResponseCodec.java:49)
at org.openqa.selenium.remote.HttpCommandExecutor.execute(HttpCommandExecutor.java:158)
at org.openqa.selenium.remote.service.DriverCommandExecutor.execute(DriverCommandExecutor.java:83)
at org.openqa.selenium.remote.RemoteWebDriver.execute(RemoteWebDriver.java:552)
at org.openqa.selenium.remote.RemoteWebElement.execute(RemoteWebElement.java:285)
at org.openqa.selenium.remote.RemoteWebElement.click(RemoteWebElement.java:84)
at resuable.WebDriverHelper.click(WebDriverHelper.java:14)
at pageObject.WishListPage.wishList(WishListPage.java:27)
at runner.TestRunner.test6_AddToWishList(TestRunner.java:136)
at sun.reflect.NativeMethodAccessorImpl.invoke0(Native Method)
at sun.reflect.NativeMethodAccessorImpl.invoke(NativeMethodAccessorImpl.java:62)
at sun.reflect.DelegatingMethodAccessorImpl.invoke(DelegatingMethodAccessorImpl.java:43)
at java.lang.reflect.Method.invoke(Method.java:498)
at org.testng.internal.MethodInvocationHelper.invokeMethod(MethodInvocationHelper.java:133)
at org.testng.internal.TestInvoker.invokeMethod(TestInvoker.java:598)
at org.testng.internal.TestInvoker.invokeTestMethod(TestInvoker.java:173)
at org.testng.internal.MethodRunner.runInSequence(MethodRunner.java:46)
at org.testng.internal.TestInvoker$MethodInvocationAgent.invoke(TestInvoker.java:824)
at org.testng.internal.TestInvoker.invokeTestMethods(TestInvoker.java:146)
at org.testng.internal.TestMethodWorker.invokeTestMethods(TestMethodWorker.java:146)
at org.testng.internal.TestMethodWorker.run(TestMethodWorker.java:128)
at java.util.ArrayList.forEach(ArrayList.java:1259)
at org.testng.TestRunner.privateRun(TestRunner.java:794)
at org.testng.TestRunner.run(TestRunner.java:596)
at org.testng.SuiteRunner.runTest(SuiteRunner.java:377)
at org.testng.SuiteRunner.runSequentially(SuiteRunner.java:371)
at org.testng.SuiteRunner.privateRun(SuiteRunner.java:332)
at org.testng.SuiteRunner.run(SuiteRunner.java:276)
at org.testng.SuiteRunnerWorker.runSuite(SuiteRunnerWorker.java:53)
at org.testng.SuiteRunnerWorker.run(SuiteRunnerWorker.java:96)
at org.testng.TestNG.runSuitesSequentially(TestNG.java:1212)
at org.testng.TestNG.runSuitesLocally(TestNG.java:1134)
at org.testng.TestNG.runSuites(TestNG.java:1063)
at org.testng.TestNG.run(TestNG.java:1031)
at org.apache.maven.surefire.testng.TestNGExecutor.run(TestNGExecutor.java:283)
at org.apache.maven.surefire.testng.TestNGXmlTestSuite.execute(TestNGXmlTestSuite.java:75)
at org.apache.maven.surefire.testng.TestNGProvider.invoke(TestNGProvider.java:120)
at org.apache.maven.surefire.booter.ForkedBooter.invokeProviderInSameClassLoader(ForkedBooter.java:384)
at org.apache.maven.surefire.booter.ForkedBooter.runSuitesInProcess(ForkedBooter.java:345)
at org.apache.maven.surefire.booter.ForkedBooter.execute(ForkedBooter.java:126)
at org.apache.maven.surefire.booter.ForkedBooter.main(ForkedBooter.java:418)
]]>
            </full-stacktrace>
          </exception> <!-- org.openqa.selenium.ElementClickInterceptedException -->
          <reporter-output>
          </reporter-output>
        </test-method> <!-- test6_AddToWishList -->
        <test-method status="PASS" signature="terminateDriver()[pri:0, instance:runner.TestRunner@2b552920]" name="terminateDriver" is-config="true" duration-ms="4547" started-at="2022-05-20T11:56:59 IST" finished-at="2022-05-20T11:57:04 IST">
          <reporter-output>
          </reporter-output>
        </test-method> <!-- terminateDriver -->
        <test-method status="PASS" signature="Beforemethod()[pri:0, instance:runner.TestRunner@2b552920]" name="Beforemethod" is-config="true" duration-ms="2715" started-at="2022-05-20T11:57:04 IST" finished-at="2022-05-20T11:57:07 IST">
          <reporter-output>
          </reporter-output>
        </test-method> <!-- Beforemethod -->
        <test-method status="PASS" signature="test7_RemoveFromWishList()[pri:6, instance:runner.TestRunner@2b552920]" name="test7_RemoveFromWishList" duration-ms="10068" started-at="2022-05-20T11:57:07 IST" finished-at="2022-05-20T11:57:17 IST">
          <reporter-output>
          </reporter-output>
        </test-method> <!-- test7_RemoveFromWishList -->
        <test-method status="PASS" signature="terminateDriver()[pri:0, instance:runner.TestRunner@2b552920]" name="terminateDriver" is-config="true" duration-ms="4360" started-at="2022-05-20T11:57:17 IST" finished-at="2022-05-20T11:57:21 IST">
          <reporter-output>
          </reporter-output>
        </test-method> <!-- terminateDriver -->
        <test-method status="PASS" signature="Beforemethod()[pri:0, instance:runner.TestRunner@2b552920]" name="Beforemethod" is-config="true" duration-ms="3420" started-at="2022-05-20T11:57:21 IST" finished-at="2022-05-20T11:57:25 IST">
          <reporter-output>
          </reporter-output>
        </test-method> <!-- Beforemethod -->
        <test-method status="PASS" signature="test8_AddToCart()[pri:7, instance:runner.TestRunner@2b552920]" name="test8_AddToCart" duration-ms="14254" started-at="2022-05-20T11:57:25 IST" finished-at="2022-05-20T11:57:39 IST">
          <reporter-output>
          </reporter-output>
        </test-method> <!-- test8_AddToCart -->
        <test-method status="PASS" signature="terminateDriver()[pri:0, instance:runner.TestRunner@2b552920]" name="terminateDriver" is-config="true" duration-ms="4298" started-at="2022-05-20T11:57:39 IST" finished-at="2022-05-20T11:57:43 IST">
          <reporter-output>
          </reporter-output>
        </test-method> <!-- terminateDriver -->
        <test-method status="PASS" signature="Beforemethod()[pri:0, instance:runner.TestRunner@2b552920]" name="Beforemethod" is-config="true" duration-ms="3954" started-at="2022-05-20T11:57:43 IST" finished-at="2022-05-20T11:57:47 IST">
          <reporter-output>
          </reporter-output>
        </test-method> <!-- Beforemethod -->
        <test-method status="PASS" signature="testRemove9_FromCart()[pri:8, instance:runner.TestRunner@2b552920]" name="testRemove9_FromCart" duration-ms="9051" started-at="2022-05-20T11:57:47 IST" finished-at="2022-05-20T11:57:56 IST">
          <reporter-output>
          </reporter-output>
        </test-method> <!-- testRemove9_FromCart -->
        <test-method status="PASS" signature="terminateDriver()[pri:0, instance:runner.TestRunner@2b552920]" name="terminateDriver" is-config="true" duration-ms="4208" started-at="2022-05-20T11:57:56 IST" finished-at="2022-05-20T11:58:00 IST">
          <reporter-output>
          </reporter-output>
        </test-method> <!-- terminateDriver -->
        <test-method status="PASS" signature="Beforemethod()[pri:0, instance:runner.TestRunner@2b552920]" name="Beforemethod" is-config="true" duration-ms="2825" started-at="2022-05-20T11:58:00 IST" finished-at="2022-05-20T11:58:03 IST">
          <reporter-output>
          </reporter-output>
        </test-method> <!-- Beforemethod -->
        <test-method status="PASS" signature="test10_ContactUs()[pri:9, instance:runner.TestRunner@2b552920]" name="test10_ContactUs" duration-ms="1399" started-at="2022-05-20T11:58:03 IST" finished-at="2022-05-20T11:58:05 IST">
          <reporter-output>
          </reporter-output>
        </test-method> <!-- test10_ContactUs -->
        <test-method status="PASS" signature="terminateDriver()[pri:0, instance:runner.TestRunner@2b552920]" name="terminateDriver" is-config="true" duration-ms="4170" started-at="2022-05-20T11:58:05 IST" finished-at="2022-05-20T11:58:09 IST">
          <reporter-output>
          </reporter-output>
        </test-method> <!-- terminateDriver -->
      </class> <!-- runner.TestRunner -->
    </test> <!-- Test -->
  </suite> <!-- Suite -->
</testng-results>
