<?xml version="1.0" encoding="UTF-8"?>
<testsuite xmlns:xsi="http://www.w3.org/2001/XMLSchema-instance" xsi:noNamespaceSchemaLocation="https://maven.apache.org/surefire/maven-surefire-plugin/xsd/surefire-test-report-3.0.xsd" version="3.0" name="TestSuite" time="151.003" tests="10" errors="0" skipped="0" failures="1">
  <properties>
[...]
</properties>
  <testcase name="test1_SignUp" classname="runner.TestRunner" time="6.111"/>
  <testcase name="test2_LogIn" classname="runner.TestRunner" time="5.181"/>
  <testcase name="test3_SofaBed" classname="runner.TestRunner" time="7.394"/>
  <testcase name="test4_StoreName" classname="runner.TestRunner" time="2.902"/>
  <testcase name="test5_EmiOption" classname="runner.TestRunner" time="3.407"/>
  <testcase name="test6_AddToWishList" classname="runner.TestRunner" time="13.721">
    <failure message="element click intercepted: Element &lt;div id=&quot;shortlist-badge&quot;&gt;...&lt;/div&gt; is not clickable at point (933, 13). Other element would receive the click: &lt;div class=&quot;center&quot; style=&quot;text-align: center; color: #000;&quot;&gt;...&lt;/div&gt;&#10;  (Session info: chrome=101.0.4951.67)&#10;Build info: version: &apos;3.141.59&apos;, revision: &apos;e82be7d358&apos;, time: &apos;2018-11-14T08:17:03&apos;&#10;System info: host: &apos;MINDC1D199&apos;, ip: &apos;172.16.84.141&apos;, os.name: &apos;Windows 10&apos;, os.arch: &apos;amd64&apos;, os.version: &apos;10.0&apos;, java.version: &apos;1.8.0_311&apos;&#10;Driver info: org.openqa.selenium.chrome.ChromeDriver&#10;Capabilities {acceptInsecureCerts: false, browserName: chrome, browserVersion: 101.0.4951.67, chrome: {chromedriverVersion: 101.0.4951.41 (93c720db8323..., userDataDir: C:\WINDOWS\TEMP\scoped_dir1...}, goog:chromeOptions: {debuggerAddress: localhost:52978}, javascriptEnabled: true, networkConnectionEnabled: false, pageLoadStrategy: normal, platform: WINDOWS, platformName: WINDOWS, proxy: Proxy(), setWindowRect: true, strictFileInteractability: false, timeouts: {implicit: 0, pageLoad: 300000, script: 30000}, unhandledPromptBehavior: dismiss and notify, webauthn:extension:credBlob: true, webauthn:extension:largeBlob: true, webauthn:virtualAuthenticators: true}&#10;Session ID: e18ded75518e86d0df518f03a6b9f109" type="org.openqa.selenium.ElementClickInterceptedException"><![CDATA[org.openqa.selenium.ElementClickInterceptedException: 
element click intercepted: Element <div id="shortlist-badge">...</div> is not clickable at point (933, 13). Other element would receive the click: <div class="center" style="text-align: center; color: #000;">...</div>
  (Session info: chrome=101.0.4951.67)
Build info: version: '3.141.59', revision: 'e82be7d358', time: '2018-11-14T08:17:03'
System info: host: 'MINDC1D199', ip: '172.16.84.141', os.name: 'Windows 10', os.arch: 'amd64', os.version: '10.0', java.version: '1.8.0_311'
Driver info: org.openqa.selenium.chrome.ChromeDriver
Capabilities {acceptInsecureCerts: false, browserName: chrome, browserVersion: 101.0.4951.67, chrome: {chromedriverVersion: 101.0.4951.41 (93c720db8323..., userDataDir: C:\WINDOWS\TEMP\scoped_dir1...}, goog:chromeOptions: {debuggerAddress: localhost:52978}, javascriptEnabled: true, networkConnectionEnabled: false, pageLoadStrategy: normal, platform: WINDOWS, platformName: WINDOWS, proxy: Proxy(), setWindowRect: true, strictFileInteractability: false, timeouts: {implicit: 0, pageLoad: 300000, script: 30000}, unhandledPromptBehavior: dismiss and notify, webauthn:extension:credBlob: true, webauthn:extension:largeBlob: true, webauthn:virtualAuthenticators: true}
Session ID: e18ded75518e86d0df518f03a6b9f109
	at runner.TestRunner.test6_AddToWishList(TestRunner.java:136)
]]></failure>
    <system-out><![CDATA[11:56:46.409 [main] INFO  HomePage - Clicked On User Icon
11:56:47.179 [main] INFO  HomePage - Clicked On Log In
11:56:50.052 [main] INFO  HomePage - Entered Log In Email
11:56:50.255 [main] INFO  HomePage - Entered Log In password
11:56:51.432 [main] INFO  HomePage - Log In
11:56:51.898 [main] INFO  HomePage - CLicked on Living in Top bar
11:56:53.965 [main] INFO  HomePage - Clicked On Sofa in Living Section
11:56:58.147 [main] INFO  SofaPage - Clicked On Chelsea Sofa
11:56:58.702 [main] INFO  WishListPage - Item added to WishList
]]></system-out>
    <system-err><![CDATA[Starting ChromeDriver 101.0.4951.41 (93c720db8323b3ec10d056025ab95c23a31997c9-refs/branch-heads/4951@{#904}) on port 13855
Only local connections are allowed.
Please see https://chromedriver.chromium.org/security-considerations for suggestions on keeping ChromeDriver safe.
ChromeDriver was started successfully.
May 20, 2022 11:56:44 AM org.openqa.selenium.remote.ProtocolHandshake createSession
INFO: Detected dialect: W3C
]]></system-err>
  </testcase>
  <testcase name="test7_RemoveFromWishList" classname="runner.TestRunner" time="10.07"/>
  <testcase name="test8_AddToCart" classname="runner.TestRunner" time="14.252"/>
  <testcase name="testRemove9_FromCart" classname="runner.TestRunner" time="9.05"/>
  <testcase name="test10_ContactUs" classname="runner.TestRunner" time="1.39"/>
</testsuite>