<?xml version="1.0" encoding="UTF-8"?>
<!-- Generated by org.testng.reporters.JUnitXMLReporter -->
<testsuite hostname="mindc1d199" ignored="0" name="Default test" tests="10" failures="0" timestamp="2022-05-20T13:30:18 IST" time="136.94" errors="0">
  <testcase name="test1_SignUp" time="4.867" classname="runner.TestRunner"/>
  <testcase name="test2_LogIn" time="5.142" classname="runner.TestRunner"/>
  <testcase name="test3_SofaBed" time="7.567" classname="runner.TestRunner"/>
  <testcase name="test4_StoreName" time="2.082" classname="runner.TestRunner"/>
  <testcase name="test5_EmiOption" time="3.598" classname="runner.TestRunner"/>
  <testcase name="test6_AddToWishList" time="12.068" classname="runner.TestRunner"/>
  <testcase name="test7_RemoveFromWishList" time="8.373" classname="runner.TestRunner"/>
  <testcase name="test8_AddToCart" time="14.664" classname="runner.TestRunner"/>
  <testcase name="testRemove9_FromCart" time="9.019" classname="runner.TestRunner"/>
  <testcase name="test10_ContactUs" time="1.386" classname="runner.TestRunner"/>
</testsuite> <!-- Default test -->
